<?xml version="1.0" encoding="UTF-8"?>
<!-- Generated by org.testng.reporters.JUnitXMLReporter -->
<testsuite ignored="0" hostname="DESKTOP-VTBT3RG" failures="0" tests="3" name="Default test" time="0.299" errors="0" timestamp="2022-05-24T07:34:44 IST">
  <testcase classname="Testngconcepts.Annatotate" name="Testcase2" time="0.011"/>
  <testcase classname="Testngconcepts.Annatotate" name="Testcase1" time="0.005"/>
  <testcase classname="Testngconcepts.Annatotate" name="Testcase3" time="0.001"/>
</testsuite> <!-- Default test -->
