<?xml version="1.0" encoding="UTF-8"?>
<!-- Generated by org.testng.reporters.JUnitXMLReporter -->
<testsuite ignored="2" hostname="DESKTOP-VTBT3RG" failures="0" tests="6" name="Sanity" time="55.156" errors="0" timestamp="2022-06-01T07:11:23 IST">
  <testcase classname="TestCase.FacebookLogin" name="login" time="10.475"/>
  <testcase classname="TestCase.FacebookLogin" name="login" time="9.549"/>
  <testcase classname="TestCase.FacebookLogin" name="login" time="13.551"/>
  <testcase classname="TestCase.FacebookLogin" name="login" time="8.351"/>
  <testcase classname="TestCase.FacebookLogin" name="loginwithnocrenyials" time="1.888"/>
  <testcase classname="TestCase.FacebookLogin" name="loginwithinvalidemailid" time="2.704"/>
  <testcase classname="Drivers.BrowserDriver" name="@AfterTest teardown" time="0.0">
    <ignored/>
  </testcase> <!-- @AfterTest teardown -->
  <testcase classname="Drivers.BrowserDriver" name="@BeforeTest LaunchURL" time="0.0">
    <ignored/>
  </testcase> <!-- @BeforeTest LaunchURL -->
</testsuite> <!-- Sanity -->
