<?xml version="1.0" encoding="UTF-8"?>
<!-- Generated by org.testng.reporters.JUnitXMLReporter -->
<testsuite ignored="2" hostname="DESKTOP-VTBT3RG" failures="0" tests="10" name="Test" time="118.466" errors="0" timestamp="2022-05-30T07:48:51 IST">
  <testcase classname="TestCase.FacebookLogin" name="login" time="37.359"/>
  <testcase classname="TestCase.FacebookLogin" name="login" time="6.931"/>
  <testcase classname="TestCase.FacebookLogin" name="login" time="27.394"/>
  <testcase classname="TestCase.FacebookLogin" name="login" time="6.984"/>
  <testcase classname="TestCase.FacebookLoginloutwithPOM" name="loginwithPageobjectModel" time="6.731"/>
  <testcase classname="TestCase.FacebookLoginloutwithPOM" name="loginwithPageobjectModel" time="6.715"/>
  <testcase classname="TestCase.FacebookLoginloutwithPOM" name="loginwithPageobjectModel" time="9.695"/>
  <testcase classname="TestCase.FacebookLoginloutwithPOM" name="loginwithPageobjectModel" time="7.695"/>
  <testcase classname="TestCase.FacebookLogin" name="loginwithnocrenyials" time="1.538"/>
  <testcase classname="TestCase.FacebookLogin" name="loginwithinvalidemailid" time="4.111"/>
  <testcase classname="Drivers.BrowserDriver" name="@BeforeTest LaunchURL" time="0.0">
    <ignored/>
  </testcase> <!-- @BeforeTest LaunchURL -->
  <testcase classname="Drivers.BrowserDriver" name="@BeforeTest LaunchURL" time="0.0">
    <ignored/>
  </testcase> <!-- @BeforeTest LaunchURL -->
</testsuite> <!-- Test -->
