<?xml version="1.0" encoding="UTF-8"?>
<!-- Generated by org.testng.reporters.JUnitXMLReporter -->
<testsuite ignored="0" hostname="DESKTOP-VTBT3RG" failures="0" tests="10" name="Test" time="63.749" errors="0" timestamp="2022-05-27T07:37:08 IST">
  <testcase classname="TestCase.FacebookLoginloutwithPOM" name="loginwithPageobjectModel" time="9.539"/>
  <testcase classname="TestCase.FacebookLoginloutwithPOM" name="loginwithPageobjectModel" time="6.912"/>
  <testcase classname="TestCase.FacebookLoginloutwithPOM" name="loginwithPageobjectModel" time="7.103"/>
  <testcase classname="TestCase.FacebookLoginloutwithPOM" name="loginwithPageobjectModel" time="6.747"/>
  <testcase classname="TestCase.FacebookLogin" name="login" time="6.079"/>
  <testcase classname="TestCase.FacebookLogin" name="login" time="6.27"/>
  <testcase classname="TestCase.FacebookLogin" name="login" time="6.418"/>
  <testcase classname="TestCase.FacebookLogin" name="login" time="6.517"/>
  <testcase classname="TestCase.FacebookLogin" name="loginwithnocrenyials" time="1.709"/>
  <testcase classname="TestCase.FacebookLogin" name="loginwithinvalidemailid" time="3.549"/>
</testsuite> <!-- Test -->
