<?xml version="1.0" encoding="UTF-8"?>
<testng-results ignored="0" total="10" passed="10" failed="0" skipped="0">
  <reporter-output>
  </reporter-output>
  <suite started-at="2022-05-27T07:36:04 IST" name="Suite" finished-at="2022-05-27T07:37:08 IST" duration-ms="63749">
    <groups>
    </groups>
    <test started-at="2022-05-27T07:36:04 IST" name="Test" finished-at="2022-05-27T07:37:08 IST" duration-ms="63749">
      <class name="TestCase.FacebookLoginloutwithPOM">
        <test-method is-config="true" signature="Reportstart(java.lang.reflect.Method)[pri:0, instance:TestCase.FacebookLoginloutwithPOM@6b09fb41]" started-at="2022-05-27T07:36:07 IST" name="Reportstart" finished-at="2022-05-27T07:36:07 IST" duration-ms="3" status="PASS">
          <params>
            <param index="0">
              <value>
                <![CDATA[public void TestCase.FacebookLoginloutwithPOM.loginwithPageobjectModel(java.lang.String,java.lang.String)]]>
              </value>
            </param>
          </params>
          <reporter-output>
          </reporter-output>
        </test-method> <!-- Reportstart -->
        <test-method signature="loginwithPageobjectModel(java.lang.String,java.lang.String)[pri:0, instance:TestCase.FacebookLoginloutwithPOM@6b09fb41]" started-at="2022-05-27T07:36:07 IST" name="loginwithPageobjectModel" data-provider="facebooklogin" finished-at="2022-05-27T07:36:17 IST" duration-ms="9539" status="PASS">
          <params>
            <param index="0">
              <value>
                <![CDATA[kumar.sathish189@gmail.com]]>
              </value>
            </param>
            <param index="1">
              <value>
                <![CDATA[Admin@123]]>
              </value>
            </param>
          </params>
          <reporter-output>
          </reporter-output>
        </test-method> <!-- loginwithPageobjectModel -->
        <test-method is-config="true" signature="reportupdate(org.testng.ITestResult)[pri:0, instance:TestCase.FacebookLoginloutwithPOM@6b09fb41]" started-at="2022-05-27T07:36:17 IST" name="reportupdate" finished-at="2022-05-27T07:36:17 IST" duration-ms="0" status="PASS">
          <params>
            <param index="0">
              <value>
                <![CDATA[[TestResult name=loginwithPageobjectModel status=SUCCESS method=FacebookLoginloutwithPOM.loginwithPageobjectModel(java.lang.String,java.lang.String)[pri:0, instance:TestCase.FacebookLoginloutwithPOM@6b09fb41] output={null}]]]>
              </value>
            </param>
          </params>
          <reporter-output>
          </reporter-output>
        </test-method> <!-- reportupdate -->
        <test-method is-config="true" signature="Reportstart(java.lang.reflect.Method)[pri:0, instance:TestCase.FacebookLoginloutwithPOM@6b09fb41]" started-at="2022-05-27T07:36:17 IST" name="Reportstart" finished-at="2022-05-27T07:36:17 IST" duration-ms="0" status="PASS">
          <params>
            <param index="0">
              <value>
                <![CDATA[public void TestCase.FacebookLoginloutwithPOM.loginwithPageobjectModel(java.lang.String,java.lang.String)]]>
              </value>
            </param>
          </params>
          <reporter-output>
          </reporter-output>
        </test-method> <!-- Reportstart -->
        <test-method signature="loginwithPageobjectModel(java.lang.String,java.lang.String)[pri:0, instance:TestCase.FacebookLoginloutwithPOM@6b09fb41]" started-at="2022-05-27T07:36:17 IST" name="loginwithPageobjectModel" data-provider="facebooklogin" finished-at="2022-05-27T07:36:24 IST" duration-ms="6912" status="PASS">
          <params>
            <param index="0">
              <value>
                <![CDATA[kumar.sathish189@gmail.com]]>
              </value>
            </param>
            <param index="1">
              <value>
                <![CDATA[Admin@123]]>
              </value>
            </param>
          </params>
          <reporter-output>
          </reporter-output>
        </test-method> <!-- loginwithPageobjectModel -->
        <test-method signature="loginwithPageobjectModel(java.lang.String,java.lang.String)[pri:0, instance:TestCase.FacebookLoginloutwithPOM@6b09fb41]" started-at="2022-05-27T07:36:24 IST" name="loginwithPageobjectModel" data-provider="facebooklogin" finished-at="2022-05-27T07:36:31 IST" duration-ms="7103" status="PASS">
          <params>
            <param index="0">
              <value>
                <![CDATA[kumar.sathish189@gmail.com]]>
              </value>
            </param>
            <param index="1">
              <value>
                <![CDATA[Admin@123]]>
              </value>
            </param>
          </params>
          <reporter-output>
          </reporter-output>
        </test-method> <!-- loginwithPageobjectModel -->
        <test-method is-config="true" signature="reportupdate(org.testng.ITestResult)[pri:0, instance:TestCase.FacebookLoginloutwithPOM@6b09fb41]" started-at="2022-05-27T07:36:24 IST" name="reportupdate" finished-at="2022-05-27T07:36:24 IST" duration-ms="0" status="PASS">
          <params>
            <param index="0">
              <value>
                <![CDATA[[TestResult name=loginwithPageobjectModel status=SUCCESS method=FacebookLoginloutwithPOM.loginwithPageobjectModel(java.lang.String,java.lang.String)[pri:0, instance:TestCase.FacebookLoginloutwithPOM@6b09fb41] output={null}]]]>
              </value>
            </param>
          </params>
          <reporter-output>
          </reporter-output>
        </test-method> <!-- reportupdate -->
        <test-method is-config="true" signature="Reportstart(java.lang.reflect.Method)[pri:0, instance:TestCase.FacebookLoginloutwithPOM@6b09fb41]" started-at="2022-05-27T07:36:24 IST" name="Reportstart" finished-at="2022-05-27T07:36:24 IST" duration-ms="0" status="PASS">
          <params>
            <param index="0">
              <value>
                <![CDATA[public void TestCase.FacebookLoginloutwithPOM.loginwithPageobjectModel(java.lang.String,java.lang.String)]]>
              </value>
            </param>
          </params>
          <reporter-output>
          </reporter-output>
        </test-method> <!-- Reportstart -->
        <test-method signature="loginwithPageobjectModel(java.lang.String,java.lang.String)[pri:0, instance:TestCase.FacebookLoginloutwithPOM@6b09fb41]" started-at="2022-05-27T07:36:31 IST" name="loginwithPageobjectModel" data-provider="facebooklogin" finished-at="2022-05-27T07:36:37 IST" duration-ms="6747" status="PASS">
          <params>
            <param index="0">
              <value>
                <![CDATA[kumar.sathish189@gmail.com]]>
              </value>
            </param>
            <param index="1">
              <value>
                <![CDATA[Admin@123]]>
              </value>
            </param>
          </params>
          <reporter-output>
          </reporter-output>
        </test-method> <!-- loginwithPageobjectModel -->
        <test-method is-config="true" signature="reportupdate(org.testng.ITestResult)[pri:0, instance:TestCase.FacebookLoginloutwithPOM@6b09fb41]" started-at="2022-05-27T07:36:31 IST" name="reportupdate" finished-at="2022-05-27T07:36:31 IST" duration-ms="0" status="PASS">
          <params>
            <param index="0">
              <value>
                <![CDATA[[TestResult name=loginwithPageobjectModel status=SUCCESS method=FacebookLoginloutwithPOM.loginwithPageobjectModel(java.lang.String,java.lang.String)[pri:0, instance:TestCase.FacebookLoginloutwithPOM@6b09fb41] output={null}]]]>
              </value>
            </param>
          </params>
          <reporter-output>
          </reporter-output>
        </test-method> <!-- reportupdate -->
        <test-method is-config="true" signature="Reportstart(java.lang.reflect.Method)[pri:0, instance:TestCase.FacebookLoginloutwithPOM@6b09fb41]" started-at="2022-05-27T07:36:31 IST" name="Reportstart" finished-at="2022-05-27T07:36:31 IST" duration-ms="0" status="PASS">
          <params>
            <param index="0">
              <value>
                <![CDATA[public void TestCase.FacebookLoginloutwithPOM.loginwithPageobjectModel(java.lang.String,java.lang.String)]]>
              </value>
            </param>
          </params>
          <reporter-output>
          </reporter-output>
        </test-method> <!-- Reportstart -->
        <test-method is-config="true" signature="reportupdate(org.testng.ITestResult)[pri:0, instance:TestCase.FacebookLoginloutwithPOM@6b09fb41]" started-at="2022-05-27T07:36:37 IST" name="reportupdate" finished-at="2022-05-27T07:36:37 IST" duration-ms="0" status="PASS">
          <params>
            <param index="0">
              <value>
                <![CDATA[[TestResult name=loginwithPageobjectModel status=SUCCESS method=FacebookLoginloutwithPOM.loginwithPageobjectModel(java.lang.String,java.lang.String)[pri:0, instance:TestCase.FacebookLoginloutwithPOM@6b09fb41] output={null}]]]>
              </value>
            </param>
          </params>
          <reporter-output>
          </reporter-output>
        </test-method> <!-- reportupdate -->
      </class> <!-- TestCase.FacebookLoginloutwithPOM -->
      <class name="TestCase.FacebookLogin">
        <test-method is-config="true" signature="browserintiate()[pri:0, instance:TestCase.FacebookLogin@508dec2b]" started-at="2022-05-27T07:35:59 IST" name="browserintiate" finished-at="2022-05-27T07:36:04 IST" duration-ms="5028" status="PASS">
          <reporter-output>
          </reporter-output>
        </test-method> <!-- browserintiate -->
        <test-method is-config="true" signature="LaunchURL()[pri:0, instance:TestCase.FacebookLogin@508dec2b]" started-at="2022-05-27T07:36:04 IST" name="LaunchURL" finished-at="2022-05-27T07:36:07 IST" duration-ms="2465" status="PASS">
          <reporter-output>
          </reporter-output>
        </test-method> <!-- LaunchURL -->
        <test-method is-config="true" signature="Extentreportlaunch()[pri:0, instance:TestCase.FacebookLogin@508dec2b]" started-at="2022-05-27T07:36:37 IST" name="Extentreportlaunch" finished-at="2022-05-27T07:36:37 IST" duration-ms="8" status="PASS">
          <reporter-output>
          </reporter-output>
        </test-method> <!-- Extentreportlaunch -->
        <test-method signature="login(java.lang.String,java.lang.String)[pri:0, instance:TestCase.FacebookLogin@508dec2b]" started-at="2022-05-27T07:36:37 IST" name="login" data-provider="facebooklogin" finished-at="2022-05-27T07:36:43 IST" duration-ms="6079" status="PASS">
          <params>
            <param index="0">
              <value>
                <![CDATA[kumar.sathish189@gmail.com]]>
              </value>
            </param>
            <param index="1">
              <value>
                <![CDATA[Admin@123]]>
              </value>
            </param>
          </params>
          <reporter-output>
          </reporter-output>
        </test-method> <!-- login -->
        <test-method is-config="true" signature="Reportstart(java.lang.reflect.Method)[pri:0, instance:TestCase.FacebookLogin@508dec2b]" started-at="2022-05-27T07:36:37 IST" name="Reportstart" finished-at="2022-05-27T07:36:37 IST" duration-ms="0" status="PASS">
          <params>
            <param index="0">
              <value>
                <![CDATA[public void TestCase.FacebookLogin.login(java.lang.String,java.lang.String)]]>
              </value>
            </param>
          </params>
          <reporter-output>
          </reporter-output>
        </test-method> <!-- Reportstart -->
        <test-method signature="login(java.lang.String,java.lang.String)[pri:0, instance:TestCase.FacebookLogin@508dec2b]" started-at="2022-05-27T07:36:43 IST" name="login" data-provider="facebooklogin" finished-at="2022-05-27T07:36:50 IST" duration-ms="6270" status="PASS">
          <params>
            <param index="0">
              <value>
                <![CDATA[kumar.sathish189@gmail.com]]>
              </value>
            </param>
            <param index="1">
              <value>
                <![CDATA[Admin@123]]>
              </value>
            </param>
          </params>
          <reporter-output>
          </reporter-output>
        </test-method> <!-- login -->
        <test-method is-config="true" signature="reportupdate(org.testng.ITestResult)[pri:0, instance:TestCase.FacebookLogin@508dec2b]" started-at="2022-05-27T07:36:43 IST" name="reportupdate" finished-at="2022-05-27T07:36:43 IST" duration-ms="0" status="PASS">
          <params>
            <param index="0">
              <value>
                <![CDATA[[TestResult name=login status=SUCCESS method=FacebookLogin.login(java.lang.String,java.lang.String)[pri:0, instance:TestCase.FacebookLogin@508dec2b] output={null}]]]>
              </value>
            </param>
          </params>
          <reporter-output>
          </reporter-output>
        </test-method> <!-- reportupdate -->
        <test-method is-config="true" signature="Reportstart(java.lang.reflect.Method)[pri:0, instance:TestCase.FacebookLogin@508dec2b]" started-at="2022-05-27T07:36:43 IST" name="Reportstart" finished-at="2022-05-27T07:36:43 IST" duration-ms="0" status="PASS">
          <params>
            <param index="0">
              <value>
                <![CDATA[public void TestCase.FacebookLogin.login(java.lang.String,java.lang.String)]]>
              </value>
            </param>
          </params>
          <reporter-output>
          </reporter-output>
        </test-method> <!-- Reportstart -->
        <test-method is-config="true" signature="reportupdate(org.testng.ITestResult)[pri:0, instance:TestCase.FacebookLogin@508dec2b]" started-at="2022-05-27T07:36:50 IST" name="reportupdate" finished-at="2022-05-27T07:36:50 IST" duration-ms="1" status="PASS">
          <params>
            <param index="0">
              <value>
                <![CDATA[[TestResult name=login status=SUCCESS method=FacebookLogin.login(java.lang.String,java.lang.String)[pri:0, instance:TestCase.FacebookLogin@508dec2b] output={null}]]]>
              </value>
            </param>
          </params>
          <reporter-output>
          </reporter-output>
        </test-method> <!-- reportupdate -->
        <test-method is-config="true" signature="Reportstart(java.lang.reflect.Method)[pri:0, instance:TestCase.FacebookLogin@508dec2b]" started-at="2022-05-27T07:36:50 IST" name="Reportstart" finished-at="2022-05-27T07:36:50 IST" duration-ms="1" status="PASS">
          <params>
            <param index="0">
              <value>
                <![CDATA[public void TestCase.FacebookLogin.login(java.lang.String,java.lang.String)]]>
              </value>
            </param>
          </params>
          <reporter-output>
          </reporter-output>
        </test-method> <!-- Reportstart -->
        <test-method signature="login(java.lang.String,java.lang.String)[pri:0, instance:TestCase.FacebookLogin@508dec2b]" started-at="2022-05-27T07:36:50 IST" name="login" data-provider="facebooklogin" finished-at="2022-05-27T07:36:56 IST" duration-ms="6418" status="PASS">
          <params>
            <param index="0">
              <value>
                <![CDATA[kumar.sathish189@gmail.com]]>
              </value>
            </param>
            <param index="1">
              <value>
                <![CDATA[Admin@123]]>
              </value>
            </param>
          </params>
          <reporter-output>
          </reporter-output>
        </test-method> <!-- login -->
        <test-method signature="login(java.lang.String,java.lang.String)[pri:0, instance:TestCase.FacebookLogin@508dec2b]" started-at="2022-05-27T07:36:56 IST" name="login" data-provider="facebooklogin" finished-at="2022-05-27T07:37:03 IST" duration-ms="6517" status="PASS">
          <params>
            <param index="0">
              <value>
                <![CDATA[kumar.sathish189@gmail.com]]>
              </value>
            </param>
            <param index="1">
              <value>
                <![CDATA[Admin@123]]>
              </value>
            </param>
          </params>
          <reporter-output>
          </reporter-output>
        </test-method> <!-- login -->
        <test-method is-config="true" signature="reportupdate(org.testng.ITestResult)[pri:0, instance:TestCase.FacebookLogin@508dec2b]" started-at="2022-05-27T07:36:56 IST" name="reportupdate" finished-at="2022-05-27T07:36:56 IST" duration-ms="0" status="PASS">
          <params>
            <param index="0">
              <value>
                <![CDATA[[TestResult name=login status=SUCCESS method=FacebookLogin.login(java.lang.String,java.lang.String)[pri:0, instance:TestCase.FacebookLogin@508dec2b] output={null}]]]>
              </value>
            </param>
          </params>
          <reporter-output>
          </reporter-output>
        </test-method> <!-- reportupdate -->
        <test-method is-config="true" signature="Reportstart(java.lang.reflect.Method)[pri:0, instance:TestCase.FacebookLogin@508dec2b]" started-at="2022-05-27T07:36:56 IST" name="Reportstart" finished-at="2022-05-27T07:36:56 IST" duration-ms="0" status="PASS">
          <params>
            <param index="0">
              <value>
                <![CDATA[public void TestCase.FacebookLogin.login(java.lang.String,java.lang.String)]]>
              </value>
            </param>
          </params>
          <reporter-output>
          </reporter-output>
        </test-method> <!-- Reportstart -->
        <test-method signature="loginwithnocrenyials()[pri:1, instance:TestCase.FacebookLogin@508dec2b]" started-at="2022-05-27T07:37:03 IST" name="loginwithnocrenyials" finished-at="2022-05-27T07:37:04 IST" duration-ms="1709" status="PASS">
          <reporter-output>
          </reporter-output>
        </test-method> <!-- loginwithnocrenyials -->
        <test-method is-config="true" signature="reportupdate(org.testng.ITestResult)[pri:0, instance:TestCase.FacebookLogin@508dec2b]" started-at="2022-05-27T07:37:03 IST" name="reportupdate" finished-at="2022-05-27T07:37:03 IST" duration-ms="0" status="PASS">
          <params>
            <param index="0">
              <value>
                <![CDATA[[TestResult name=login status=SUCCESS method=FacebookLogin.login(java.lang.String,java.lang.String)[pri:0, instance:TestCase.FacebookLogin@508dec2b] output={null}]]]>
              </value>
            </param>
          </params>
          <reporter-output>
          </reporter-output>
        </test-method> <!-- reportupdate -->
        <test-method is-config="true" signature="Reportstart(java.lang.reflect.Method)[pri:0, instance:TestCase.FacebookLogin@508dec2b]" started-at="2022-05-27T07:37:03 IST" name="Reportstart" finished-at="2022-05-27T07:37:03 IST" duration-ms="0" status="PASS">
          <params>
            <param index="0">
              <value>
                <![CDATA[public void TestCase.FacebookLogin.loginwithnocrenyials()]]>
              </value>
            </param>
          </params>
          <reporter-output>
          </reporter-output>
        </test-method> <!-- Reportstart -->
        <test-method signature="loginwithinvalidemailid()[pri:2, instance:TestCase.FacebookLogin@508dec2b]" started-at="2022-05-27T07:37:04 IST" name="loginwithinvalidemailid" finished-at="2022-05-27T07:37:08 IST" duration-ms="3549" status="PASS">
          <reporter-output>
          </reporter-output>
        </test-method> <!-- loginwithinvalidemailid -->
        <test-method is-config="true" signature="Reportstart(java.lang.reflect.Method)[pri:0, instance:TestCase.FacebookLogin@508dec2b]" started-at="2022-05-27T07:37:04 IST" name="Reportstart" finished-at="2022-05-27T07:37:04 IST" duration-ms="0" status="PASS">
          <params>
            <param index="0">
              <value>
                <![CDATA[public void TestCase.FacebookLogin.loginwithinvalidemailid()]]>
              </value>
            </param>
          </params>
          <reporter-output>
          </reporter-output>
        </test-method> <!-- Reportstart -->
        <test-method is-config="true" signature="reportupdate(org.testng.ITestResult)[pri:0, instance:TestCase.FacebookLogin@508dec2b]" started-at="2022-05-27T07:37:04 IST" name="reportupdate" finished-at="2022-05-27T07:37:04 IST" duration-ms="0" status="PASS">
          <params>
            <param index="0">
              <value>
                <![CDATA[[TestResult name=loginwithnocrenyials status=SUCCESS method=FacebookLogin.loginwithnocrenyials()[pri:1, instance:TestCase.FacebookLogin@508dec2b] output={null}]]]>
              </value>
            </param>
          </params>
          <reporter-output>
          </reporter-output>
        </test-method> <!-- reportupdate -->
        <test-method is-config="true" signature="reportupdate(org.testng.ITestResult)[pri:0, instance:TestCase.FacebookLogin@508dec2b]" started-at="2022-05-27T07:37:08 IST" name="reportupdate" finished-at="2022-05-27T07:37:08 IST" duration-ms="0" status="PASS">
          <params>
            <param index="0">
              <value>
                <![CDATA[[TestResult name=loginwithinvalidemailid status=SUCCESS method=FacebookLogin.loginwithinvalidemailid()[pri:2, instance:TestCase.FacebookLogin@508dec2b] output={null}]]]>
              </value>
            </param>
          </params>
          <reporter-output>
          </reporter-output>
        </test-method> <!-- reportupdate -->
        <test-method is-config="true" signature="teardown()[pri:0, instance:TestCase.FacebookLogin@508dec2b]" started-at="2022-05-27T07:37:08 IST" name="teardown" finished-at="2022-05-27T07:37:09 IST" duration-ms="518" status="PASS">
          <reporter-output>
          </reporter-output>
        </test-method> <!-- teardown -->
      </class> <!-- TestCase.FacebookLogin -->
    </test> <!-- Test -->
  </suite> <!-- Suite -->
</testng-results>
